{"/Volumes/Data/projects/cicd/my-cicd-apps/src/App.jsx": {"path":"/Volumes/Data/projects/cicd/my-cicd-apps/src/App.jsx","statementMap":{"0":{"start":{"line":13,"column":13},"end":{"line":13,"column":40}},"1":{"start":{"line":13,"column":19},"end":{"line":13,"column":40}},"2":{"start":{"line":14,"column":14},"end":{"line":14,"column":42}},"3":{"start":{"line":14,"column":20},"end":{"line":14,"column":42}},"4":{"start":{"line":17,"column":28},"end":{"line":17,"column":39}},"5":{"start":{"line":19,"column":2},"end":{"line":58,"column":3}},"6":{"start":{"line":41,"column":37},"end":{"line":41,"column":67}},"7":{"start":{"line":41,"column":57},"end":{"line":41,"column":66}}},"fnMap":{"0":{"name":"(anonymous_0)","decl":{"start":{"line":13,"column":13},"end":{"line":13,"column":14}},"loc":{"start":{"line":13,"column":19},"end":{"line":13,"column":40}},"line":13},"1":{"name":"(anonymous_1)","decl":{"start":{"line":14,"column":14},"end":{"line":14,"column":15}},"loc":{"start":{"line":14,"column":20},"end":{"line":14,"column":42}},"line":14},"2":{"name":"App","decl":{"start":{"line":16,"column":9},"end":{"line":16,"column":12}},"loc":{"start":{"line":16,"column":15},"end":{"line":59,"column":1}},"line":16},"3":{"name":"(anonymous_3)","decl":{"start":{"line":41,"column":31},"end":{"line":41,"column":32}},"loc":{"start":{"line":41,"column":37},"end":{"line":41,"column":67}},"line":41},"4":{"name":"(anonymous_4)","decl":{"start":{"line":41,"column":46},"end":{"line":41,"column":47}},"loc":{"start":{"line":41,"column":57},"end":{"line":41,"column":66}},"line":41}},"branchMap":{},"s":{"0":1,"1":0,"2":1,"3":0,"4":1,"5":1,"6":0,"7":0},"f":{"0":0,"1":0,"2":1,"3":0,"4":0},"b":{},"_coverageSchema":"1a1c01bbd47fc00a2c39e90264f33305004495a9","hash":"2cd4cc54841803cc4544ec1e758ecff96f56884b"}
,"/Volumes/Data/projects/cicd/my-cicd-apps/src/components/Button.jsx": {"path":"/Volumes/Data/projects/cicd/my-cicd-apps/src/components/Button.jsx","statementMap":{"0":{"start":{"line":5,"column":15},"end":{"line":7,"column":1}},"1":{"start":{"line":6,"column":2},"end":{"line":6,"column":52}},"2":{"start":{"line":8,"column":0},"end":{"line":11,"column":2}}},"fnMap":{"0":{"name":"(anonymous_0)","decl":{"start":{"line":5,"column":15},"end":{"line":5,"column":16}},"loc":{"start":{"line":5,"column":39},"end":{"line":7,"column":1}},"line":5}},"branchMap":{},"s":{"0":1,"1":2,"2":1},"f":{"0":2},"b":{},"_coverageSchema":"1a1c01bbd47fc00a2c39e90264f33305004495a9","hash":"3a4e0164a2f949b71972820e285b6cb1dc2aaec8"}
,"/Volumes/Data/projects/cicd/my-cicd-apps/src/pages/KngHome.jsx": {"path":"/Volumes/Data/projects/cicd/my-cicd-apps/src/pages/KngHome.jsx","statementMap":{"0":{"start":{"line":5,"column":16},"end":{"line":13,"column":1}},"1":{"start":{"line":6,"column":2},"end":{"line":12,"column":4}}},"fnMap":{"0":{"name":"(anonymous_0)","decl":{"start":{"line":5,"column":16},"end":{"line":5,"column":17}},"loc":{"start":{"line":5,"column":22},"end":{"line":13,"column":1}},"line":5}},"branchMap":{},"s":{"0":1,"1":0},"f":{"0":0},"b":{},"_coverageSchema":"1a1c01bbd47fc00a2c39e90264f33305004495a9","hash":"3f4371a1cf9a11287c4106965d813b9208e511b8"}
,"/Volumes/Data/projects/cicd/my-cicd-apps/src/pages/shortenerApp.jsx": {"path":"/Volumes/Data/projects/cicd/my-cicd-apps/src/pages/shortenerApp.jsx","statementMap":{"0":{"start":{"line":2,"column":13},"end":{"line":9,"column":1}},"1":{"start":{"line":3,"column":4},"end":{"line":8,"column":6}}},"fnMap":{"0":{"name":"(anonymous_0)","decl":{"start":{"line":2,"column":13},"end":{"line":2,"column":14}},"loc":{"start":{"line":2,"column":19},"end":{"line":9,"column":1}},"line":2}},"branchMap":{},"s":{"0":1,"1":0},"f":{"0":0},"b":{},"_coverageSchema":"1a1c01bbd47fc00a2c39e90264f33305004495a9","hash":"9bbf742fae4e3de1ca05fdb23f6c6aef6a308b1e"}
,"/Volumes/Data/projects/cicd/my-cicd-apps/src/pages/Arum/index.jsx": {"path":"/Volumes/Data/projects/cicd/my-cicd-apps/src/pages/Arum/index.jsx","statementMap":{"0":{"start":{"line":2,"column":2},"end":{"line":2,"column":28}},"1":{"start":{"line":4,"column":4},"end":{"line":4,"column":34}},"2":{"start":{"line":8,"column":4},"end":{"line":8,"column":36}}},"fnMap":{"0":{"name":"Greeting","decl":{"start":{"line":1,"column":9},"end":{"line":1,"column":17}},"loc":{"start":{"line":1,"column":28},"end":{"line":5,"column":3}},"line":1},"1":{"name":"App","decl":{"start":{"line":7,"column":26},"end":{"line":7,"column":29}},"loc":{"start":{"line":7,"column":32},"end":{"line":9,"column":3}},"line":7}},"branchMap":{},"s":{"0":0,"1":0,"2":0},"f":{"0":0,"1":0},"b":{},"_coverageSchema":"1a1c01bbd47fc00a2c39e90264f33305004495a9","hash":"483e22907ffd8ea442868c5a3213d652d0bbdc63"}
}
