TN:
SF:src/App.jsx
FN:13,(anonymous_0)
FN:14,(anonymous_1)
FN:16,App
FN:41,(anonymous_3)
FN:41,(anonymous_4)
FNF:5
FNH:1
FNDA:0,(anonymous_0)
FNDA:0,(anonymous_1)
FNDA:1,App
FNDA:0,(anonymous_3)
FNDA:0,(anonymous_4)
DA:13,1
DA:14,1
DA:17,1
DA:19,1
DA:41,0
LF:5
LH:4
BRF:0
BRH:0
end_of_record
TN:
SF:src/components/Button.jsx
FN:5,(anonymous_0)
FNF:1
FNH:1
FNDA:2,(anonymous_0)
DA:5,1
DA:6,2
DA:8,1
LF:3
LH:3
BRF:0
BRH:0
end_of_record
TN:
SF:src/pages/KngHome.jsx
FN:5,(anonymous_0)
FNF:1
FNH:0
FNDA:0,(anonymous_0)
DA:5,1
DA:6,0
LF:2
LH:1
BRF:0
BRH:0
end_of_record
TN:
SF:src/pages/shortenerApp.jsx
FN:2,(anonymous_0)
FNF:1
FNH:0
FNDA:0,(anonymous_0)
DA:2,1
DA:3,0
LF:2
LH:1
BRF:0
BRH:0
end_of_record
TN:
SF:src/pages/Arum/index.jsx
FN:1,Greeting
FN:7,App
FNF:2
FNH:0
FNDA:0,Greeting
FNDA:0,App
DA:2,0
DA:4,0
DA:8,0
LF:3
LH:0
BRF:0
BRH:0
end_of_record
